\BOOKMARK [0][-]{chapter.1}{The Concept of a Space with Projective Connection}{}% 1
\BOOKMARK [1][-]{section.1.1}{Geometric introduction of the concept of a space with projective connection. Two dimensional manifolds.}{chapter.1}% 2
\BOOKMARK [1][-]{section.1.2}{General spaces with projective connection.}{chapter.1}% 3
\BOOKMARK [0][-]{chapter.2}{Differentiation of Spaces with Projective Connection and of Ordinary Projective Space. Cycles and Associated Displacements.}{}% 4
\BOOKMARK [1][-]{section.2.1}{Introduction to the concept of a cycle}{chapter.2}% 5
\BOOKMARK [1][-]{section.2.2}{Study of a space with projective connection in the neighbourhood of one of its points}{chapter.2}% 6
\BOOKMARK [0][-]{chapter.3}{Curvature and Torsion of a Space with Projective Connection}{}% 7
\BOOKMARK [1][-]{section.3.1}{Concepts of the tensor calculus in projective geometry}{chapter.3}% 8
\BOOKMARK [1][-]{section.3.2}{Tensor algebra}{chapter.3}% 9
\BOOKMARK [1][-]{section.3.3}{Tensor analysis}{chapter.3}% 10
\BOOKMARK [1][-]{section.3.4}{Curvature and torsion tensors and internal properties of the space}{chapter.3}% 11
\BOOKMARK [0][-]{chapter.4}{The Bianchi Identities}{}% 12
\BOOKMARK [1][-]{section.4.1}{Differential forms of second degree and the exterior calculus}{chapter.4}% 13
\BOOKMARK [1][-]{section.4.2}{The Bianchi identities}{chapter.4}% 14
\BOOKMARK [0][-]{chapter.5}{Differential Equations of Second Order Related to the Theory of Spaces with Projective Connection}{}% 15
\BOOKMARK [1][-]{section.5.1}{Geometrisation of differential equations of the type d2 vdu2 = A \( d vdu \)3 + 3 B \( d vdu \)2 + 3 C d vdu + D, \040where A,B,C,D are functions of u and v}{chapter.5}% 16
\BOOKMARK [1][-]{section.5.2}{Plane geodesic representation of surfaces}{chapter.5}% 17
\BOOKMARK [1][-]{section.5.3}{Geodesics of space with projective connection of dimension n}{chapter.5}% 18
\BOOKMARK [0][-]{chapter.6}{Differential Geometry of Surfaces Embedded in Spaces with Projective Connection of Dimension 3}{}% 19
\BOOKMARK [1][-]{section.6.1}{Study of elements of second order}{chapter.6}% 20
\BOOKMARK [1][-]{section.6.2}{Study of elements of third order}{chapter.6}% 21
\BOOKMARK [0][-]{chapter.7}{Holonomy Group of a Space with Projective Connection}{}% 22
\BOOKMARK [1][-]{section.7.1}{Definition and properties of an holonomy group}{chapter.7}% 23
\BOOKMARK [1][-]{section.7.2}{Spaces with projective connection admitting a given holonomy group}{chapter.7}% 24
\BOOKMARK [1][-]{section.7.3}{Normal spaces with projective connection}{chapter.7}% 25
